#
# There is insufficient memory for the Java Runtime Environment to continue.
# Native memory allocation (malloc) failed to allocate 32744 bytes for ChunkPool::allocate
# Possible reasons:
#   The system is out of physical RAM or swap space
#   In 32 bit mode, the process size limit was hit
# Possible solutions:
#   Reduce memory load on the system
#   Increase physical memory or swap space
#   Check if swap backing store is full
#   Use 64 bit Java on a 64 bit OS
#   Decrease Java heap size (-Xmx/-Xms)
#   Decrease number of Java threads
#   Decrease Java thread stack sizes (-Xss)
#   Set larger code cache with -XX:ReservedCodeCacheSize=
# This output file may be truncated or incomplete.
#
#  Out of Memory Error (allocation.cpp:273), pid=6644, tid=6008
#
# JRE version: Java(TM) SE Runtime Environment (8.0_45-b15) (build 1.8.0_45-b15)
# Java VM: Java HotSpot(TM) 64-Bit Server VM (25.45-b02 mixed mode windows-amd64 compressed oops)
# Failed to write core dump. Minidumps are not enabled by default on client versions of Windows
#

---------------  T H R E A D  ---------------

Current thread (0x0000000013eb1800):  JavaThread "C2 CompilerThread0" daemon [_thread_in_native, id=6008, stack(0x0000000014de0000,0x0000000014ee0000)]

Stack: [0x0000000014de0000,0x0000000014ee0000]
Native frames: (J=compiled Java code, j=interpreted, Vv=VM code, C=native code)
V  [jvm.dll+0x32b57a]
V  [jvm.dll+0x279873]
V  [jvm.dll+0x27a509]
V  [jvm.dll+0x271825]
V  [jvm.dll+0xcb804]
V  [jvm.dll+0xcba27]
V  [jvm.dll+0xcbeac]
V  [jvm.dll+0xcc204]
V  [jvm.dll+0x4ea280]
V  [jvm.dll+0x505071]
V  [jvm.dll+0x45f973]
V  [jvm.dll+0x46a73b]
V  [jvm.dll+0x46cd52]
V  [jvm.dll+0x4500f2]
V  [jvm.dll+0xa4352]
V  [jvm.dll+0xa4c8f]
V  [jvm.dll+0x241984]
V  [jvm.dll+0x29853a]
C  [msvcr100.dll+0x21d9f]
C  [msvcr100.dll+0x21e3b]
C  [KERNEL32.DLL+0x18102]
C  [ntdll.dll+0x5c5b4]


Current CompileTask:
C2:  32648 1950       4       org.springframework.asm.ClassReader::accept (1164 bytes)


---------------  P R O C E S S  ---------------

Java Threads: ( => current thread )
  0x0000000015544800 JavaThread "Monitor Ctrl-Break" daemon [_thread_in_native, id=10216, stack(0x0000000015de0000,0x0000000015ee0000)]
  0x0000000013f0f800 JavaThread "Service Thread" daemon [_thread_blocked, id=4432, stack(0x0000000014fe0000,0x00000000150e0000)]
  0x0000000013eb3800 JavaThread "C1 CompilerThread1" daemon [_thread_blocked, id=8812, stack(0x0000000014ee0000,0x0000000014fe0000)]
=>0x0000000013eb1800 JavaThread "C2 CompilerThread0" daemon [_thread_in_native, id=6008, stack(0x0000000014de0000,0x0000000014ee0000)]
  0x0000000013eb0000 JavaThread "Attach Listener" daemon [_thread_blocked, id=8556, stack(0x0000000014ce0000,0x0000000014de0000)]
  0x0000000013ead000 JavaThread "Signal Dispatcher" daemon [_thread_blocked, id=8640, stack(0x0000000014be0000,0x0000000014ce0000)]
  0x0000000002371800 JavaThread "Finalizer" daemon [_thread_blocked, id=5036, stack(0x0000000014ae0000,0x0000000014be0000)]
  0x000000000236e800 JavaThread "Reference Handler" daemon [_thread_blocked, id=3464, stack(0x00000000149e0000,0x0000000014ae0000)]
  0x0000000002284800 JavaThread "main" [_thread_in_vm, id=8268, stack(0x0000000002180000,0x0000000002280000)]

Other Threads:
  0x0000000013e76000 VMThread [stack: 0x00000000148e0000,0x00000000149e0000] [id=10180]
  0x0000000013f1c000 WatcherThread [stack: 0x00000000150e0000,0x00000000151e0000] [id=10232]

VM state:not at safepoint (normal execution)

VM Mutex/Monitor currently owned by a thread: None

Heap:
 PSYoungGen      total 107008K, used 27374K [0x00000000f0000000, 0x00000000fb500000, 0x0000000100000000)
  eden space 97280K, 18% used [0x00000000f0000000,0x00000000f1142db8,0x00000000f5f00000)
  from space 9728K, 99% used [0x00000000f5f00000,0x00000000f6878b70,0x00000000f6880000)
  to   space 14848K, 0% used [0x00000000fa680000,0x00000000fa680000,0x00000000fb500000)
 ParOldGen       total 32768K, used 21572K [0x00000000d0000000, 0x00000000d2000000, 0x00000000f0000000)
  object space 32768K, 65% used [0x00000000d0000000,0x00000000d1511220,0x00000000d2000000)
 Metaspace       used 19236K, capacity 19428K, committed 19584K, reserved 1067008K
  class space    used 2302K, capacity 2353K, committed 2432K, reserved 1048576K

Card table byte_map: [0x0000000011740000,0x00000000118d0000] byte_map_base: 0x00000000110c0000

Marking Bits: (ParMarkBitMap*) 0x000000005bb14040
 Begin Bits: [0x0000000011bd0000, 0x00000000127d0000)
 End Bits:   [0x00000000127d0000, 0x00000000133d0000)

Polling page: 0x00000000004c0000

CodeCache: size=245760Kb used=8094Kb max_used=8127Kb free=237665Kb
 bounds [0x0000000002380000, 0x0000000002b90000, 0x0000000011380000]
 total_blobs=2195 nmethods=1842 adapters=267
 compilation: enabled

Compilation events (10 events):
Event: 30.475 Thread 0x0000000013eb1800 nmethod 1947 0x0000000002b73810 code [0x0000000002b73a60, 0x0000000002b754d0]
Event: 30.495 Thread 0x0000000013eb1800 1948       4       java.util.WeakHashMap::remove (133 bytes)
Event: 30.499 Thread 0x0000000013eb1800 nmethod 1948 0x0000000002b73090 code [0x0000000002b73200, 0x0000000002b73518]
Event: 30.569 Thread 0x0000000013eb1800 1949  s    4       java.util.jar.JarFile::getInputStream (89 bytes)
Event: 30.592 Thread 0x0000000013eb1800 nmethod 1949 0x0000000002b5c3d0 code [0x0000000002b5c580, 0x0000000002b5ce00]
Event: 30.597 Thread 0x0000000013eb1800 1950       4       org.springframework.asm.ClassReader::accept (1164 bytes)
Event: 31.532 Thread 0x0000000013eb3800 1953       3       java.util.zip.Inflater::finalize (5 bytes)
Event: 31.532 Thread 0x0000000013eb3800 nmethod 1953 0x000000000269fa90 code [0x000000000269fc00, 0x000000000269fda8]
Event: 31.993 Thread 0x0000000013eb3800 1958       2       org.apache.commons.logging.impl.SLF4JLocationAwareLog::debug (22 bytes)
Event: 31.993 Thread 0x0000000013eb3800 nmethod 1958 0x0000000002675750 code [0x00000000026758e0, 0x0000000002675b68]

GC Heap History (10 events):
Event: 13.309 GC heap before
{Heap before GC invocations=5 (full 0):
 PSYoungGen      total 26624K, used 26624K [0x00000000f0000000, 0x00000000f1c00000, 0x0000000100000000)
  eden space 24576K, 100% used [0x00000000f0000000,0x00000000f1800000,0x00000000f1800000)
  from space 2048K, 100% used [0x00000000f1a00000,0x00000000f1c00000,0x00000000f1c00000)
  to   space 2048K, 0% used [0x00000000f1800000,0x00000000f1800000,0x00000000f1a00000)
 ParOldGen       total 32768K, used 6881K [0x00000000d0000000, 0x00000000d2000000, 0x00000000f0000000)
  object space 32768K, 20% used [0x00000000d0000000,0x00000000d06b84a8,0x00000000d2000000)
 Metaspace       used 15130K, capacity 15266K, committed 15488K, reserved 1062912K
  class space    used 1849K, capacity 1867K, committed 1920K, reserved 1048576K
Event: 13.346 GC heap after
Heap after GC invocations=5 (full 0):
 PSYoungGen      total 26624K, used 2016K [0x00000000f0000000, 0x00000000f3e00000, 0x0000000100000000)
  eden space 24576K, 0% used [0x00000000f0000000,0x00000000f0000000,0x00000000f1800000)
  from space 2048K, 98% used [0x00000000f1800000,0x00000000f19f8030,0x00000000f1a00000)
  to   space 7168K, 0% used [0x00000000f3700000,0x00000000f3700000,0x00000000f3e00000)
 ParOldGen       total 32768K, used 10843K [0x00000000d0000000, 0x00000000d2000000, 0x00000000f0000000)
  object space 32768K, 33% used [0x00000000d0000000,0x00000000d0a96f68,0x00000000d2000000)
 Metaspace       used 15130K, capacity 15266K, committed 15488K, reserved 1062912K
  class space    used 1849K, capacity 1867K, committed 1920K, reserved 1048576K
}
Event: 16.451 GC heap before
{Heap before GC invocations=6 (full 0):
 PSYoungGen      total 26624K, used 26592K [0x00000000f0000000, 0x00000000f3e00000, 0x0000000100000000)
  eden space 24576K, 100% used [0x00000000f0000000,0x00000000f1800000,0x00000000f1800000)
  from space 2048K, 98% used [0x00000000f1800000,0x00000000f19f8030,0x00000000f1a00000)
  to   space 7168K, 0% used [0x00000000f3700000,0x00000000f3700000,0x00000000f3e00000)
 ParOldGen       total 32768K, used 10843K [0x00000000d0000000, 0x00000000d2000000, 0x00000000f0000000)
  object space 32768K, 33% used [0x00000000d0000000,0x00000000d0a96f68,0x00000000d2000000)
 Metaspace       used 18611K, capacity 18770K, committed 18944K, reserved 1067008K
  class space    used 2245K, capacity 2286K, committed 2304K, reserved 1048576K
Event: 16.472 GC heap after
Heap after GC invocations=6 (full 0):
 PSYoungGen      total 56320K, used 5377K [0x00000000f0000000, 0x00000000f3e00000, 0x0000000100000000)
  eden space 49152K, 0% used [0x00000000f0000000,0x00000000f0000000,0x00000000f3000000)
  from space 7168K, 75% used [0x00000000f3700000,0x00000000f3c40538,0x00000000f3e00000)
  to   space 7168K, 0% used [0x00000000f3000000,0x00000000f3000000,0x00000000f3700000)
 ParOldGen       total 32768K, used 10851K [0x00000000d0000000, 0x00000000d2000000, 0x00000000f0000000)
  object space 32768K, 33% used [0x00000000d0000000,0x00000000d0a98f68,0x00000000d2000000)
 Metaspace       used 18611K, capacity 18770K, committed 18944K, reserved 1067008K
  class space    used 2245K, capacity 2286K, committed 2304K, reserved 1048576K
}
Event: 19.233 GC heap before
{Heap before GC invocations=7 (full 0):
 PSYoungGen      total 56320K, used 54529K [0x00000000f0000000, 0x00000000f3e00000, 0x0000000100000000)
  eden space 49152K, 100% used [0x00000000f0000000,0x00000000f3000000,0x00000000f3000000)
  from space 7168K, 75% used [0x00000000f3700000,0x00000000f3c40538,0x00000000f3e00000)
  to   space 7168K, 0% used [0x00000000f3000000,0x00000000f3000000,0x00000000f3700000)
 ParOldGen       total 32768K, used 10851K [0x00000000d0000000, 0x00000000d2000000, 0x00000000f0000000)
  object space 32768K, 33% used [0x00000000d0000000,0x00000000d0a98f68,0x00000000d2000000)
 Metaspace       used 18991K, capacity 19122K, committed 19328K, reserved 1067008K
  class space    used 2264K, capacity 2318K, committed 2432K, reserved 1048576K
Event: 19.302 GC heap after
Heap after GC invocations=7 (full 0):
 PSYoungGen      total 56320K, used 7152K [0x00000000f0000000, 0x00000000f7100000, 0x0000000100000000)
  eden space 49152K, 0% used [0x00000000f0000000,0x00000000f0000000,0x00000000f3000000)
  from space 7168K, 99% used [0x00000000f3000000,0x00000000f36fc1b0,0x00000000f3700000)
  to   space 8704K, 0% used [0x00000000f6880000,0x00000000f6880000,0x00000000f7100000)
 ParOldGen       total 32768K, used 11494K [0x00000000d0000000, 0x00000000d2000000, 0x00000000f0000000)
  object space 32768K, 35% used [0x00000000d0000000,0x00000000d0b39bd0,0x00000000d2000000)
 Metaspace       used 18991K, capacity 19122K, committed 19328K, reserved 1067008K
  class space    used 2264K, capacity 2318K, committed 2432K, reserved 1048576K
}
Event: 23.535 GC heap before
{Heap before GC invocations=8 (full 0):
 PSYoungGen      total 56320K, used 56304K [0x00000000f0000000, 0x00000000f7100000, 0x0000000100000000)
  eden space 49152K, 100% used [0x00000000f0000000,0x00000000f3000000,0x00000000f3000000)
  from space 7168K, 99% used [0x00000000f3000000,0x00000000f36fc1b0,0x00000000f3700000)
  to   space 8704K, 0% used [0x00000000f6880000,0x00000000f6880000,0x00000000f7100000)
 ParOldGen       total 32768K, used 11494K [0x00000000d0000000, 0x00000000d2000000, 0x00000000f0000000)
  object space 32768K, 35% used [0x00000000d0000000,0x00000000d0b39bd0,0x00000000d2000000)
 Metaspace       used 19152K, capacity 19332K, committed 19584K, reserved 1067008K
  class space    used 2289K, capacity 2321K, committed 2432K, reserved 1048576K
Event: 23.657 GC heap after
Heap after GC invocations=8 (full 0):
 PSYoungGen      total 105984K, used 8496K [0x00000000f0000000, 0x00000000f7300000, 0x0000000100000000)
  eden space 97280K, 0% used [0x00000000f0000000,0x00000000f0000000,0x00000000f5f00000)
  from space 8704K, 97% used [0x00000000f6880000,0x00000000f70cc138,0x00000000f7100000)
  to   space 9728K, 0% used [0x00000000f5f00000,0x00000000f5f00000,0x00000000f6880000)
 ParOldGen       total 32768K, used 11974K [0x00000000d0000000, 0x00000000d2000000, 0x00000000f0000000)
  object space 32768K, 36% used [0x00000000d0000000,0x00000000d0bb1bd0,0x00000000d2000000)
 Metaspace       used 19152K, capacity 19332K, committed 19584K, reserved 1067008K
  class space    used 2289K, capacity 2321K, committed 2432K, reserved 1048576K
}
Event: 31.339 GC heap before
{Heap before GC invocations=9 (full 0):
 PSYoungGen      total 105984K, used 105776K [0x00000000f0000000, 0x00000000f7300000, 0x0000000100000000)
  eden space 97280K, 100% used [0x00000000f0000000,0x00000000f5f00000,0x00000000f5f00000)
  from space 8704K, 97% used [0x00000000f6880000,0x00000000f70cc138,0x00000000f7100000)
  to   space 9728K, 0% used [0x00000000f5f00000,0x00000000f5f00000,0x00000000f6880000)
 ParOldGen       total 32768K, used 11974K [0x00000000d0000000, 0x00000000d2000000, 0x00000000f0000000)
  object space 32768K, 36% used [0x00000000d0000000,0x00000000d0bb1bd0,0x00000000d2000000)
 Metaspace       used 19191K, capacity 19364K, committed 19584K, reserved 1067008K
  class space    used 2294K, capacity 2353K, committed 2432K, reserved 1048576K
Event: 31.512 GC heap after
Heap after GC invocations=9 (full 0):
 PSYoungGen      total 107008K, used 9698K [0x00000000f0000000, 0x00000000fb500000, 0x0000000100000000)
  eden space 97280K, 0% used [0x00000000f0000000,0x00000000f0000000,0x00000000f5f00000)
  from space 9728K, 99% used [0x00000000f5f00000,0x00000000f6878b70,0x00000000f6880000)
  to   space 14848K, 0% used [0x00000000fa680000,0x00000000fa680000,0x00000000fb500000)
 ParOldGen       total 32768K, used 21572K [0x00000000d0000000, 0x00000000d2000000, 0x00000000f0000000)
  object space 32768K, 65% used [0x00000000d0000000,0x00000000d1511220,0x00000000d2000000)
 Metaspace       used 19191K, capacity 19364K, committed 19584K, reserved 1067008K
  class space    used 2294K, capacity 2353K, committed 2432K, reserved 1048576K
}

Deoptimization events (10 events):
Event: 22.333 Thread 0x0000000002284800 Uncommon trap: reason=unstable_if action=reinterpret pc=0x0000000002a10efc method=org.springframework.asm.ClassReader.readCode(Lorg/springframework/asm/MethodVisitor;Lorg/springframework/asm/Context;I)V @ 620
Event: 22.503 Thread 0x0000000002284800 Uncommon trap: reason=unstable_if action=reinterpret pc=0x0000000002a444b8 method=org.springframework.asm.ClassReader.readCode(Lorg/springframework/asm/MethodVisitor;Lorg/springframework/asm/Context;I)V @ 620
Event: 22.553 Thread 0x0000000002284800 Uncommon trap: reason=unloaded action=reinterpret pc=0x0000000002a408b4 method=org.springframework.asm.ClassReader.readConst(I[C)Ljava/lang/Object; @ 220
Event: 23.412 Thread 0x0000000002284800 Uncommon trap: reason=unstable_if action=reinterpret pc=0x0000000002aa12ec method=org.springframework.asm.ClassReader.readMethod(Lorg/springframework/asm/ClassVisitor;Lorg/springframework/asm/Context;I)I @ 748
Event: 24.664 Thread 0x0000000002284800 Uncommon trap: reason=class_check action=maybe_recompile pc=0x0000000002ac4ec8 method=org.springframework.asm.ClassReader.readCode(Lorg/springframework/asm/MethodVisitor;Lorg/springframework/asm/Context;I)V @ 2143
Event: 25.466 Thread 0x0000000002284800 Uncommon trap: reason=class_check action=maybe_recompile pc=0x0000000002ac4ec8 method=org.springframework.asm.ClassReader.readCode(Lorg/springframework/asm/MethodVisitor;Lorg/springframework/asm/Context;I)V @ 2143
Event: 25.699 Thread 0x0000000002284800 Uncommon trap: reason=unstable_if action=reinterpret pc=0x0000000002a2afa8 method=org.springframework.asm.ClassReader.readCode(Lorg/springframework/asm/MethodVisitor;Lorg/springframework/asm/Context;I)V @ 1505
Event: 28.078 Thread 0x0000000002284800 Uncommon trap: reason=unstable_if action=reinterpret pc=0x0000000002af4b6c method=org.springframework.asm.ClassReader.accept(Lorg/springframework/asm/ClassVisitor;[Lorg/springframework/asm/Attribute;I)V @ 766
Event: 28.086 Thread 0x0000000002284800 Uncommon trap: reason=unstable_if action=reinterpret pc=0x0000000002b207f0 method=org.springframework.asm.ClassReader.readMethod(Lorg/springframework/asm/ClassVisitor;Lorg/springframework/asm/Context;I)I @ 839
Event: 28.514 Thread 0x0000000002284800 Uncommon trap: reason=unstable_if action=reinterpret pc=0x0000000002b3c370 method=org.springframework.asm.ClassReader.readField(Lorg/springframework/asm/ClassVisitor;Lorg/springframework/asm/Context;I)I @ 196

Internal exceptions (10 events):
Event: 15.152 Thread 0x0000000002284800 Exception <a 'java/lang/ClassNotFoundException': groovy/lang/ExpandoMetaClassBeanInfo> (0x00000000f0cc54c8) thrown at [C:\re\workspace\8-2-build-windows-amd64-cygwin\jdk8u45\3627\hotspot\src\share\vm\classfile\systemDictionary.cpp, line 210]
Event: 15.153 Thread 0x0000000002284800 Exception <a 'java/lang/ClassNotFoundException': groovy/lang/MetaClassImplBeanInfo> (0x00000000f0cd4028) thrown at [C:\re\workspace\8-2-build-windows-amd64-cygwin\jdk8u45\3627\hotspot\src\share\vm\classfile\systemDictionary.cpp, line 210]
Event: 15.153 Thread 0x0000000002284800 Exception <a 'java/lang/ClassNotFoundException': java/lang/ObjectBeanInfo> (0x00000000f0cda8e8) thrown at [C:\re\workspace\8-2-build-windows-amd64-cygwin\jdk8u45\3627\hotspot\src\share\vm\classfile\systemDictionary.cpp, line 210]
Event: 15.153 Thread 0x0000000002284800 Exception <a 'java/lang/ClassNotFoundException': java/lang/ObjectCustomizer> (0x00000000f0ce1140) thrown at [C:\re\workspace\8-2-build-windows-amd64-cygwin\jdk8u45\3627\hotspot\src\share\vm\classfile\systemDictionary.cpp, line 210]
Event: 15.154 Thread 0x0000000002284800 Exception <a 'java/lang/ClassNotFoundException': groovy/lang/MetaClassImplCustomizer> (0x00000000f0cf4c70) thrown at [C:\re\workspace\8-2-build-windows-amd64-cygwin\jdk8u45\3627\hotspot\src\share\vm\classfile\systemDictionary.cpp, line 210]
Event: 15.168 Thread 0x0000000002284800 Exception <a 'java/lang/ClassNotFoundException': groovy/lang/ExpandoMetaClassCustomizer> (0x00000000f0d2bd80) thrown at [C:\re\workspace\8-2-build-windows-amd64-cygwin\jdk8u45\3627\hotspot\src\share\vm\classfile\systemDictionary.cpp, line 210]
Event: 15.384 Thread 0x0000000002284800 Exception <a 'java/lang/ClassNotFoundException': org/springframework/beans/factory/groovy/GroovyBeanDefinitionReaderBeanInfo> (0x00000000f0e6f7e8) thrown at [C:\re\workspace\8-2-build-windows-amd64-cygwin\jdk8u45\3627\hotspot\src\share\vm\classfile\systemDÀ•Ž'Å.@
Event: 15.385 Thread 0x0000000002284800 Exception <a 'java/lang/ClassNotFoundException': org/springframework/beans/factory/support/AbstractBeanDefinitionReaderBeanInfo> (0x00000000f0e89ff8) thrown at [C:\re\workspace\8-2-build-windows-amd64-cygwin\jdk8u45\3627\hotspot\src\share\vm\classfile\systpWy6»Å.@
Event: 15.386 Thread 0x0000000002284800 Exception <a 'java/lang/ClassNotFoundException': org/springframework/beans/factory/support/AbstractBeanDefinitionReaderCustomizer> (0x00000000f0ed9ad0) thrown at [C:\re\workspace\8-2-build-windows-amd64-cygwin\jdk8u45\3627\hotspot\src\share\vm\classfile\sy{²¼†Ø.@
Event: 15.422 Thread 0x0000000002284800 Exception <a 'java/lang/ClassNotFoundException': org/springframework/beans/factory/groovy/GroovyBeanDefinitionReaderCustomizer> (0x00000000f0f08920) thrown at [C:\re\workspace\8-2-build-windows-amd64-cygwin\jdk8u45\3627\hotspot\src\share\vm\classfile\systeƒåLÐÖM.@

Events (10 events):
Event: 32.010 loading class javax/annotation/concurrent/GuardedBy
Event: 32.010 loading class javax/annotation/concurrent/GuardedBy done
Event: 32.010 loading class javax/annotation/concurrent/GuardedBy
Event: 32.010 loading class javax/annotation/concurrent/GuardedBy done
Event: 32.010 loading class javax/annotation/concurrent/GuardedBy
Event: 32.010 loading class javax/annotation/concurrent/GuardedBy done
Event: 32.125 loading class javax/annotation/ParametersAreNonnullByDefault
Event: 32.125 loading class javax/annotation/ParametersAreNonnullByDefault done
Event: 32.126 loading class javax/annotation/ParametersAreNonnullByDefault
Event: 32.126 loading class javax/annotation/ParametersAreNonnullByDefault done


Dynamic libraries:
0x00007ff6edd30000 - 0x00007ff6edd67000 	C:\Program Files\Java\jdk1.8.0_45\bin\java.exe
0x00007ff88e810000 - 0x00007ff88e9d1000 	C:\WINDOWS\SYSTEM32\ntdll.dll
0x00007ff88e0d0000 - 0x00007ff88e17d000 	C:\WINDOWS\system32\KERNEL32.DLL
0x00007ff88b2f0000 - 0x00007ff88b4d8000 	C:\WINDOWS\system32\KERNELBASE.dll
0x00007ff88d8a0000 - 0x00007ff88d947000 	C:\WINDOWS\system32\ADVAPI32.dll
0x00007ff88dd90000 - 0x00007ff88de2d000 	C:\WINDOWS\system32\msvcrt.dll
0x00007ff88bc10000 - 0x00007ff88bc6b000 	C:\WINDOWS\system32\sechost.dll
0x00007ff88e190000 - 0x00007ff88e2ac000 	C:\WINDOWS\system32\RPCRT4.dll
0x00007ff88d950000 - 0x00007ff88daa6000 	C:\WINDOWS\system32\USER32.dll
0x00007ff88bfc0000 - 0x00007ff88c146000 	C:\WINDOWS\system32\GDI32.dll
0x00007ff8842d0000 - 0x00007ff884544000 	C:\WINDOWS\WinSxS\amd64_microsoft.windows.common-controls_6595b64144ccf1df_6.0.10586.0_none_8c15ae12515e1c22\COMCTL32.dll
0x00007ff88db10000 - 0x00007ff88dd8d000 	C:\WINDOWS\system32\combase.dll
0x00007ff88bba0000 - 0x00007ff88bc0a000 	C:\WINDOWS\system32\bcryptPrimitives.dll
0x00007ff88bf80000 - 0x00007ff88bfbb000 	C:\WINDOWS\system32\IMM32.DLL
0x000000005bba0000 - 0x000000005bc72000 	C:\Program Files\Java\jdk1.8.0_45\jre\bin\msvcr100.dll
0x000000005b310000 - 0x000000005bb93000 	C:\Program Files\Java\jdk1.8.0_45\jre\bin\server\jvm.dll
0x00007ff88dee0000 - 0x00007ff88dee8000 	C:\WINDOWS\system32\PSAPI.DLL
0x00007ff882fa0000 - 0x00007ff882fa9000 	C:\WINDOWS\SYSTEM32\WSOCK32.dll
0x00007ff88d830000 - 0x00007ff88d89b000 	C:\WINDOWS\system32\WS2_32.dll
0x00007ff8890f0000 - 0x00007ff889113000 	C:\WINDOWS\SYSTEM32\WINMM.dll
0x00007ff886420000 - 0x00007ff88642a000 	C:\WINDOWS\SYSTEM32\VERSION.dll
0x00007ff889090000 - 0x00007ff8890bc000 	C:\WINDOWS\SYSTEM32\WINMMBASE.dll
0x00007ff88bb50000 - 0x00007ff88bb93000 	C:\WINDOWS\system32\cfgmgr32.dll
0x000000005b300000 - 0x000000005b30f000 	C:\Program Files\Java\jdk1.8.0_45\jre\bin\verify.dll
0x000000005b2d0000 - 0x000000005b2f9000 	C:\Program Files\Java\jdk1.8.0_45\jre\bin\java.dll
0x000000005b2b0000 - 0x000000005b2c6000 	C:\Program Files\Java\jdk1.8.0_45\jre\bin\zip.dll
0x00007ff88c2d0000 - 0x00007ff88d82c000 	C:\WINDOWS\system32\SHELL32.dll
0x00007ff88b4e0000 - 0x00007ff88bb25000 	C:\WINDOWS\system32\windows.storage.dll
0x00007ff88dab0000 - 0x00007ff88db02000 	C:\WINDOWS\system32\shlwapi.dll
0x00007ff88aea0000 - 0x00007ff88aeaf000 	C:\WINDOWS\system32\kernel.appcore.dll
0x00007ff88aec0000 - 0x00007ff88af75000 	C:\WINDOWS\system32\shcore.dll
0x00007ff88ae50000 - 0x00007ff88ae9b000 	C:\WINDOWS\system32\powrprof.dll
0x00007ff88ae30000 - 0x00007ff88ae44000 	C:\WINDOWS\system32\profapi.dll
0x00007ff8820d0000 - 0x00007ff8820e0000 	C:\Program Files (x86)\JetBrains\IntelliJ IDEA 14.1.1\bin\breakgen64.dll
0x000000005b290000 - 0x000000005b2aa000 	C:\Program Files\Java\jdk1.8.0_45\jre\bin\net.dll
0x00007ff88a760000 - 0x00007ff88a7bc000 	C:\WINDOWS\system32\mswsock.dll
0x000000005b260000 - 0x000000005b26d000 	C:\Program Files\Java\jdk1.8.0_45\jre\bin\management.dll
0x00007ff87b140000 - 0x00007ff87b156000 	C:\WINDOWS\system32\napinsp.dll
0x00007ff87b160000 - 0x00007ff87b17a000 	C:\WINDOWS\system32\pnrpnsp.dll
0x00007ff887fd0000 - 0x00007ff887fe8000 	C:\WINDOWS\system32\NLAapi.dll
0x00007ff8898a0000 - 0x00007ff88994a000 	C:\WINDOWS\SYSTEM32\DNSAPI.dll
0x00007ff88bdc0000 - 0x00007ff88bdc8000 	C:\WINDOWS\system32\NSI.dll
0x00007ff881dd0000 - 0x00007ff881ddd000 	C:\WINDOWS\System32\winrnr.dll
0x00007ff87ff20000 - 0x00007ff87ff2a000 	C:\Windows\System32\rasadhlp.dll
0x00007ff884bb0000 - 0x00007ff884be8000 	C:\WINDOWS\SYSTEM32\IPHLPAPI.DLL
0x00007ff882850000 - 0x00007ff8828b7000 	C:\WINDOWS\System32\fwpuclnt.dll
0x00007ff88aa30000 - 0x00007ff88aa59000 	C:\WINDOWS\SYSTEM32\bcrypt.dll
0x000000005b270000 - 0x000000005b281000 	C:\Program Files\Java\jdk1.8.0_45\jre\bin\nio.dll
0x00007ff8793f0000 - 0x00007ff87957c000 	C:\WINDOWS\SYSTEM32\dbghelp.dll

VM Arguments:
jvm_args: -Didea.launcher.port=7532 -Didea.launcher.bin.path=C:\Program Files (x86)\JetBrains\IntelliJ IDEA 14.1.1\bin -Dfile.encoding=windows-1251 
java_command: com.intellij.rt.execution.application.AppMain com.ProspectingApplication --spring.output.ansi.enabled=always
java_class_path (initial): C:\Program Files\Java\jdk1.8.0_45\jre\lib\charsets.jar;C:\Program Files\Java\jdk1.8.0_45\jre\lib\deploy.jar;C:\Program Files\Java\jdk1.8.0_45\jre\lib\javaws.jar;C:\Program Files\Java\jdk1.8.0_45\jre\lib\jce.jar;C:\Program Files\Java\jdk1.8.0_45\jre\lib\jfr.jar;C:\Program Files\Java\jdk1.8.0_45\jre\lib\jfxswt.jar;C:\Program Files\Java\jdk1.8.0_45\jre\lib\jsse.jar;C:\Program Files\Java\jdk1.8.0_45\jre\lib\management-agent.jar;C:\Program Files\Java\jdk1.8.0_45\jre\lib\plugin.jar;C:\Program Files\Java\jdk1.8.0_45\jre\lib\resources.jar;C:\Program Files\Java\jdk1.8.0_45\jre\lib\rt.jar;C:\Program Files\Java\jdk1.8.0_45\jre\lib\ext\access-bridge-64.jar;C:\Program Files\Java\jdk1.8.0_45\jre\lib\ext\cldrdata.jar;C:\Program Files\Java\jdk1.8.0_45\jre\lib\ext\dnsns.jar;C:\Program Files\Java\jdk1.8.0_45\jre\lib\ext\jaccess.jar;C:\Program Files\Java\jdk1.8.0_45\jre\lib\ext\jfxrt.jar;C:\Program Files\Java\jdk1.8.0_45\jre\lib\ext\localedata.jar;C:\Program Files\Java\jdk1.8.0_45\jre\lib\ext\nashorn.jar;C:\Program Files\Java\jdk1.8.0_45\jre\lib\ext\sunec.jar;C:\Program Files\Java\jdk1.8.0_45\jre\lib\ext\sunjce_provider.jar;C:\Program Files\Java\jdk1.8.0_45\jre\lib\ext\sunmscapi.jar;C:\Program Files\Java\jdk1.8.0_45\jre\lib\ext\sunpkcs11.jar;C:\Program Files\Java\jdk1.8.0_45\jre\lib\ext\zipfs.jar;E:\freelance projects\prospecting\Prospecting\target\classes;C:\Users\alexe_000\.m2\repository\org\springframework\boot\spring-boot-starter-web\1.3.3.RELEASE\spring-boot-starter-web-1.3.3.RELEASE.jar;C:\Users\alexe_000\.m2\repository\org\springframework\boot\spring-boot-starter\1.3.3.RELEASE\spring-boot-starter-1.3.3.RELEASE.jar;C:\Users\alexe_000\.m2\repository\org\springframework\boot\spring-boot\1.3.3.RELEASE\spring-boot-1.3.3.RELEASE.jar;C:\Users\alexe_000\.m2\repository\org\springframework\boot\spring-boot-autoconfigure\1.3.3.RELEASE\spring-boot-autoconfigure-1.3.3.RELEASE.jar;C:\Users\alexe_000\.m2\repository\org\springframework\boot\spring-boot-starter-logg
Launcher Type: SUN_STANDARD

Environment Variables:
PATH=C:\ProgramData\Oracle\Java\javapath;C:\Program Files (x86)\NVIDIA Corporation\PhysX\Common;C:\WINDOWS\system32;C:\WINDOWS;C:\WINDOWS\System32\Wbem;C:\WINDOWS\System32\WindowsPowerShell\v1.0\;C:\Program Files (x86)\Windows Kits\8.1\Windows Performance Toolkit\;C:\Program Files\Microsoft SQL Server\110\Tools\Binn\;C:\Program Files (x86)\Microsoft SDKs\TypeScript\1.0\;C:\Program Files (x86)\Git\cmd;C:\Program Files (x86)\GtkSharp\2.12\bin;C:\Program Files (x86)\Skype\Phone\;C:\Program Files\nodejs\;C:\Users\alexe_000\AppData\Local\.meteor\;C:\Users\alexe_000\AppData\Roaming\npm;C:\Program Files\Docker Toolbox
USERNAME=Àëåêñåé
OS=Windows_NT
PROCESSOR_IDENTIFIER=Intel64 Family 6 Model 23 Stepping 10, GenuineIntel



---------------  S Y S T E M  ---------------

OS: Windows 10.0 , 64 bit Build 10586 (10.0.10586.0)

CPU:total 2 (2 cores per cpu, 1 threads per core) family 6 model 23 stepping 10, cmov, cx8, fxsr, mmx, sse, sse2, sse3, ssse3, sse4.1, tsc

Memory: 4k page, physical 3144884k(178708k free), swap 5651636k(2944k free)

vm_info: Java HotSpot(TM) 64-Bit Server VM (25.45-b02) for windows-amd64 JRE (1.8.0_45-b15), built on Apr 30 2015 12:40:44 by "java_re" with MS VC++ 10.0 (VS2010)

time: Sat Apr 09 21:52:06 2016
elapsed time: 32 seconds (0d 0h 0m 32s)

